E:\GIT_SOURCE\C_STUDY\C_STUDY\DEBUG\VC110.PDB
E:\GIT_SOURCE\C_STUDY\C_STUDY\DEBUG\MAIN.OBJ
E:\git_source\c_study\C_study\Debug\main.obj
E:\git_source\c_study\C_study\Debug\cl.command.1.tlog
E:\git_source\c_study\C_study\Debug\CL.read.1.tlog
E:\git_source\c_study\C_study\Debug\CL.write.1.tlog
E:\git_source\c_study\C_study\Debug\link-cvtres.read.1.tlog
E:\git_source\c_study\C_study\Debug\link-cvtres.write.1.tlog
E:\git_source\c_study\C_study\Debug\link-rc.read.1.tlog
E:\git_source\c_study\C_study\Debug\link-rc.write.1.tlog
E:\git_source\c_study\C_study\Debug\link.9272-cvtres.read.1.tlog
E:\git_source\c_study\C_study\Debug\link.9272-cvtres.write.1.tlog
E:\git_source\c_study\C_study\Debug\link.9272-rc.read.1.tlog
E:\git_source\c_study\C_study\Debug\link.9272-rc.write.1.tlog
E:\git_source\c_study\C_study\Debug\link.9272.read.1.tlog
E:\git_source\c_study\C_study\Debug\link.9272.write.1.tlog
E:\git_source\c_study\C_study\Debug\link.command.1.tlog
E:\git_source\c_study\C_study\Debug\link.read.1.tlog
E:\git_source\c_study\C_study\Debug\link.write.1.tlog
E:\git_source\c_study\C_study\Debug\vc110.idb
E:\git_source\c_study\C_study\Debug\vc110.pdb
E:\git_source\c_study\Debug\C_study.pdb
