<<<<<<< HEAD
﻿빌드 시작: 2016. 11. 9. 오후 3:51:19
     1>2 노드의 "C:\git_source\c_study\C_study\C_study.vcxproj" 프로젝트(Build 대상)입니다.
     1>InitializeBuildStatus:
         "AlwaysCreate"이(가) 지정되었기 때문에 "Release\C_study.unsuccessfulbuild"을(를) 만들고 있습니다.
       ClCompile:
         C:\Program Files\Microsoft Visual Studio 11.0\VC\bin\CL.exe /c /Zi /nologo /W3 /WX- /O2 /Oi /Oy- /GL /D WIN32 /D NDEBUG /D _CONSOLE /D _UNICODE /D UNICODE /Gm- /EHsc /MD /GS /Gy /fp:precise /Zc:wchar_t /Zc:forScope /Fo"Release\\" /Fd"Release\vc110.pdb" /Gd /TP /analyze- /errorReport:prompt main.cpp
         main.cpp
     1>main.cpp(44): warning C4996: 'strcpy': This function or variable may be unsafe. Consider using strcpy_s instead. To disable deprecation, use _CRT_SECURE_NO_WARNINGS. See online help for details.
                 C:\Program Files\Microsoft Visual Studio 11.0\VC\include\string.h(110) : 'strcpy' 선언을 참조하십시오.
     1>main.cpp(52): warning C4996: 'strcpy': This function or variable may be unsafe. Consider using strcpy_s instead. To disable deprecation, use _CRT_SECURE_NO_WARNINGS. See online help for details.
                 C:\Program Files\Microsoft Visual Studio 11.0\VC\include\string.h(110) : 'strcpy' 선언을 참조하십시오.
       Link:
         C:\Program Files\Microsoft Visual Studio 11.0\VC\bin\link.exe /ERRORREPORT:PROMPT /OUT:"C:\git_source\c_study\Release\C_study.exe" /INCREMENTAL:NO /NOLOGO kernel32.lib user32.lib gdi32.lib winspool.lib comdlg32.lib advapi32.lib shell32.lib ole32.lib oleaut32.lib uuid.lib odbc32.lib odbccp32.lib /MANIFEST /MANIFESTUAC:"level='asInvoker' uiAccess='false'" /manifest:embed /DEBUG /PDB:"C:\git_source\c_study\Release\C_study.pdb" /SUBSYSTEM:CONSOLE /OPT:REF /OPT:ICF /LTCG /TLBID:1 /DYNAMICBASE /NXCOMPAT /IMPLIB:"C:\git_source\c_study\Release\C_study.lib" /MACHINE:X86 /SAFESEH Release\main.obj
         코드를 생성하고 있습니다.
         코드를 생성했습니다.
         C_study.vcxproj -> C:\git_source\c_study\Release\C_study.exe
       FinalizeBuildStatus:
         "Release\C_study.unsuccessfulbuild" 파일을 삭제하고 있습니다.
         "Release\C_study.lastbuildstate"에 연결(touching)하고 있습니다.
     1>"C:\git_source\c_study\C_study\C_study.vcxproj" 프로젝트를 빌드했습니다(Build 대상).
=======
﻿빌드 시작: 2017-10-15 오전 2:36:55
     1>2 노드의 "F:\git_source\c_study\C_study\C_study.vcxproj" 프로젝트(Build 대상)입니다.
       프로젝트 파일에 ToolsVersion="14.0"이(가) 들어 있습니다. 이 도구 집합은 알 수 없거나 누락되었을 수 있습니다. 이 경우 적절한 버전의 MSBuild를 설치하여 이 문제를 해결할 수 있습니다. 그렇지 않으면 빌드가 정책상의 이유로 특정 ToolsVersion이 될 수 있습니다. 프로젝트에 ToolsVersion="4.0"이 들어 있는 것으로 간주합니다. 자세한 내용은 http://go.microsoft.com/fwlink/?LinkId=291333을 참조하십시오.
     1>C:\Program Files\MSBuild\Microsoft.Cpp\v4.0\V110\Microsoft.Cpp.Platform.targets(44,5): error MSB8020: The builds tools for v140 (Platform Toolset = 'v140') cannot be found. To build using the v140 build tools, either click the Project menu or right-click the solution, and then select "Update VC++ Projects...". Install v140 to build using the v140 build tools.
     1>"F:\git_source\c_study\C_study\C_study.vcxproj" 프로젝트를 빌드했습니다(Build 대상). - 실패
>>>>>>> 577b3e4026086d79df67395ffbfadaea8843e51d

빌드하지 못했습니다.

<<<<<<< HEAD
경과 시간: 00:00:02.88
=======
경과 시간: 00:00:00.00
>>>>>>> 577b3e4026086d79df67395ffbfadaea8843e51d
